{"C:\\Users\\saite\\OneDrive\\Desktop - Copy\\PP\\mcq generator\\src\\app.js": {"path":"C:\\Users\\saite\\OneDrive\\Desktop - Copy\\PP\\mcq generator\\src\\app.js","statementMap":{"0":{"start":{"line":1,"column":13},"end":{"line":1,"column":28}},"1":{"start":{"line":2,"column":0},"end":{"line":2,"column":65}},"2":{"start":{"line":3,"column":12},"end":{"line":3,"column":31}},"3":{"start":{"line":5,"column":13},"end":{"line":5,"column":37}},"4":{"start":{"line":8,"column":0},"end":{"line":10,"column":3}},"5":{"start":{"line":9,"column":4},"end":{"line":9,"column":73}},"6":{"start":{"line":12,"column":0},"end":{"line":14,"column":3}},"7":{"start":{"line":13,"column":4},"end":{"line":13,"column":53}},"8":{"start":{"line":16,"column":0},"end":{"line":19,"column":3}},"9":{"start":{"line":17,"column":4},"end":{"line":17,"column":70}},"10":{"start":{"line":18,"column":4},"end":{"line":18,"column":69}}},"fnMap":{"0":{"name":"(anonymous_0)","decl":{"start":{"line":8,"column":33},"end":{"line":8,"column":34}},"loc":{"start":{"line":8,"column":54},"end":{"line":10,"column":1}},"line":8},"1":{"name":"(anonymous_1)","decl":{"start":{"line":12,"column":32},"end":{"line":12,"column":33}},"loc":{"start":{"line":12,"column":41},"end":{"line":14,"column":1}},"line":12},"2":{"name":"(anonymous_2)","decl":{"start":{"line":16,"column":17},"end":{"line":16,"column":18}},"loc":{"start":{"line":16,"column":23},"end":{"line":19,"column":1}},"line":16}},"branchMap":{"0":{"loc":{"start":{"line":5,"column":13},"end":{"line":5,"column":37}},"type":"binary-expr","locations":[{"start":{"line":5,"column":13},"end":{"line":5,"column":29}},{"start":{"line":5,"column":33},"end":{"line":5,"column":37}}],"line":5}},"s":{"0":0,"1":0,"2":0,"3":0,"4":0,"5":0,"6":0,"7":0,"8":0,"9":0,"10":0},"f":{"0":0,"1":0,"2":0},"b":{"0":[0,0]}}
,"C:\\Users\\saite\\OneDrive\\Desktop - Copy\\PP\\mcq generator\\src\\server.js": {"path":"C:\\Users\\saite\\OneDrive\\Desktop - Copy\\PP\\mcq generator\\src\\server.js","statementMap":{"0":{"start":{"line":2,"column":16},"end":{"line":2,"column":34}},"1":{"start":{"line":3,"column":13},"end":{"line":3,"column":28}},"2":{"start":{"line":4,"column":13},"end":{"line":4,"column":28}},"3":{"start":{"line":5,"column":18},"end":{"line":5,"column":47}},"4":{"start":{"line":6,"column":24},"end":{"line":6,"column":59}},"5":{"start":{"line":8,"column":12},"end":{"line":8,"column":21}},"6":{"start":{"line":11,"column":0},"end":{"line":11,"column":16}},"7":{"start":{"line":12,"column":0},"end":{"line":12,"column":24}},"8":{"start":{"line":15,"column":0},"end":{"line":15,"column":59}},"9":{"start":{"line":18,"column":0},"end":{"line":18,"column":27}},"10":{"start":{"line":19,"column":0},"end":{"line":19,"column":33}},"11":{"start":{"line":22,"column":0},"end":{"line":24,"column":3}},"12":{"start":{"line":23,"column":4},"end":{"line":23,"column":78}},"13":{"start":{"line":26,"column":0},"end":{"line":26,"column":21}}},"fnMap":{"0":{"name":"(anonymous_0)","decl":{"start":{"line":22,"column":19},"end":{"line":22,"column":20}},"loc":{"start":{"line":22,"column":33},"end":{"line":24,"column":1}},"line":22}},"branchMap":{},"s":{"0":1,"1":1,"2":1,"3":1,"4":1,"5":1,"6":1,"7":1,"8":1,"9":1,"10":1,"11":1,"12":1,"13":1},"f":{"0":1},"b":{},"_coverageSchema":"1a1c01bbd47fc00a2c39e90264f33305004495a9","hash":"cde4b37a173abb57c22d8efd140f7eb1682e576e"}
,"C:\\Users\\saite\\OneDrive\\Desktop - Copy\\PP\\mcq generator\\src\\controllers\\assistantController.js": {"path":"C:\\Users\\saite\\OneDrive\\Desktop - Copy\\PP\\mcq generator\\src\\controllers\\assistantController.js","statementMap":{"0":{"start":{"line":1,"column":31},"end":{"line":1,"column":63}},"1":{"start":{"line":2,"column":15},"end":{"line":2,"column":32}},"2":{"start":{"line":5,"column":23},"end":{"line":9,"column":1}},"3":{"start":{"line":11,"column":0},"end":{"line":85,"column":2}},"4":{"start":{"line":12,"column":4},"end":{"line":84,"column":5}},"5":{"start":{"line":13,"column":77},"end":{"line":13,"column":85}},"6":{"start":{"line":15,"column":8},"end":{"line":15,"column":86}},"7":{"start":{"line":15,"column":22},"end":{"line":15,"column":86}},"8":{"start":{"line":16,"column":8},"end":{"line":16,"column":86}},"9":{"start":{"line":16,"column":22},"end":{"line":16,"column":86}},"10":{"start":{"line":18,"column":28},"end":{"line":18,"column":30}},"11":{"start":{"line":19,"column":30},"end":{"line":19,"column":59}},"12":{"start":{"line":22,"column":8},"end":{"line":74,"column":9}},"13":{"start":{"line":23,"column":12},"end":{"line":32,"column":13}},"14":{"start":{"line":24,"column":30},"end":{"line":24,"column":61}},"15":{"start":{"line":25,"column":30},"end":{"line":25,"column":91}},"16":{"start":{"line":26,"column":31},"end":{"line":28,"column":17}},"17":{"start":{"line":29,"column":16},"end":{"line":29,"column":55}},"18":{"start":{"line":31,"column":16},"end":{"line":31,"column":64}},"19":{"start":{"line":35,"column":13},"end":{"line":74,"column":9}},"20":{"start":{"line":36,"column":12},"end":{"line":49,"column":13}},"21":{"start":{"line":37,"column":31},"end":{"line":37,"column":62}},"22":{"start":{"line":38,"column":35},"end":{"line":45,"column":18}},"23":{"start":{"line":46,"column":16},"end":{"line":46,"column":70}},"24":{"start":{"line":48,"column":16},"end":{"line":48,"column":64}},"25":{"start":{"line":52,"column":13},"end":{"line":74,"column":9}},"26":{"start":{"line":53,"column":12},"end":{"line":69,"column":13}},"27":{"start":{"line":54,"column":29},"end":{"line":57,"column":18}},"28":{"start":{"line":58,"column":35},"end":{"line":65,"column":18}},"29":{"start":{"line":66,"column":16},"end":{"line":66,"column":70}},"30":{"start":{"line":68,"column":16},"end":{"line":68,"column":62}},"31":{"start":{"line":71,"column":12},"end":{"line":73,"column":15}},"32":{"start":{"line":76,"column":8},"end":{"line":76,"column":65}},"33":{"start":{"line":79,"column":8},"end":{"line":79,"column":64}},"34":{"start":{"line":80,"column":8},"end":{"line":83,"column":11}},"35":{"start":{"line":87,"column":0},"end":{"line":153,"column":2}},"36":{"start":{"line":88,"column":4},"end":{"line":152,"column":5}},"37":{"start":{"line":89,"column":57},"end":{"line":89,"column":65}},"38":{"start":{"line":91,"column":8},"end":{"line":91,"column":84}},"39":{"start":{"line":91,"column":21},"end":{"line":91,"column":84}},"40":{"start":{"line":92,"column":8},"end":{"line":92,"column":86}},"41":{"start":{"line":92,"column":22},"end":{"line":92,"column":86}},"42":{"start":{"line":94,"column":28},"end":{"line":94,"column":30}},"43":{"start":{"line":95,"column":30},"end":{"line":95,"column":59}},"44":{"start":{"line":98,"column":8},"end":{"line":142,"column":9}},"45":{"start":{"line":99,"column":12},"end":{"line":106,"column":13}},"46":{"start":{"line":100,"column":30},"end":{"line":100,"column":61}},"47":{"start":{"line":101,"column":30},"end":{"line":101,"column":91}},"48":{"start":{"line":102,"column":31},"end":{"line":102,"column":66}},"49":{"start":{"line":103,"column":16},"end":{"line":103,"column":55}},"50":{"start":{"line":105,"column":16},"end":{"line":105,"column":64}},"51":{"start":{"line":109,"column":13},"end":{"line":142,"column":9}},"52":{"start":{"line":110,"column":12},"end":{"line":120,"column":13}},"53":{"start":{"line":111,"column":31},"end":{"line":111,"column":62}},"54":{"start":{"line":112,"column":35},"end":{"line":116,"column":18}},"55":{"start":{"line":117,"column":16},"end":{"line":117,"column":70}},"56":{"start":{"line":119,"column":16},"end":{"line":119,"column":64}},"57":{"start":{"line":123,"column":13},"end":{"line":142,"column":9}},"58":{"start":{"line":124,"column":12},"end":{"line":137,"column":13}},"59":{"start":{"line":125,"column":29},"end":{"line":128,"column":18}},"60":{"start":{"line":129,"column":35},"end":{"line":133,"column":18}},"61":{"start":{"line":134,"column":16},"end":{"line":134,"column":70}},"62":{"start":{"line":136,"column":16},"end":{"line":136,"column":62}},"63":{"start":{"line":139,"column":12},"end":{"line":141,"column":15}},"64":{"start":{"line":144,"column":8},"end":{"line":144,"column":64}},"65":{"start":{"line":147,"column":8},"end":{"line":147,"column":68}},"66":{"start":{"line":148,"column":8},"end":{"line":151,"column":11}}},"fnMap":{"0":{"name":"(anonymous_0)","decl":{"start":{"line":11,"column":24},"end":{"line":11,"column":25}},"loc":{"start":{"line":11,"column":44},"end":{"line":85,"column":1}},"line":11},"1":{"name":"(anonymous_1)","decl":{"start":{"line":87,"column":28},"end":{"line":87,"column":29}},"loc":{"start":{"line":87,"column":48},"end":{"line":153,"column":1}},"line":87}},"branchMap":{"0":{"loc":{"start":{"line":13,"column":34},"end":{"line":13,"column":53}},"type":"default-arg","locations":[{"start":{"line":13,"column":45},"end":{"line":13,"column":53}}],"line":13},"1":{"loc":{"start":{"line":13,"column":55},"end":{"line":13,"column":72}},"type":"default-arg","locations":[{"start":{"line":13,"column":70},"end":{"line":13,"column":72}}],"line":13},"2":{"loc":{"start":{"line":15,"column":8},"end":{"line":15,"column":86}},"type":"if","locations":[{"start":{"line":15,"column":8},"end":{"line":15,"column":86}},{"start":{},"end":{}}],"line":15},"3":{"loc":{"start":{"line":16,"column":8},"end":{"line":16,"column":86}},"type":"if","locations":[{"start":{"line":16,"column":8},"end":{"line":16,"column":86}},{"start":{},"end":{}}],"line":16},"4":{"loc":{"start":{"line":22,"column":8},"end":{"line":74,"column":9}},"type":"if","locations":[{"start":{"line":22,"column":8},"end":{"line":74,"column":9}},{"start":{"line":35,"column":13},"end":{"line":74,"column":9}}],"line":22},"5":{"loc":{"start":{"line":35,"column":13},"end":{"line":74,"column":9}},"type":"if","locations":[{"start":{"line":35,"column":13},"end":{"line":74,"column":9}},{"start":{"line":52,"column":13},"end":{"line":74,"column":9}}],"line":35},"6":{"loc":{"start":{"line":52,"column":13},"end":{"line":74,"column":9}},"type":"if","locations":[{"start":{"line":52,"column":13},"end":{"line":74,"column":9}},{"start":{"line":70,"column":15},"end":{"line":74,"column":9}}],"line":52},"7":{"loc":{"start":{"line":81,"column":20},"end":{"line":81,"column":66}},"type":"binary-expr","locations":[{"start":{"line":81,"column":20},"end":{"line":81,"column":33}},{"start":{"line":81,"column":37},"end":{"line":81,"column":66}}],"line":81},"8":{"loc":{"start":{"line":89,"column":33},"end":{"line":89,"column":52}},"type":"default-arg","locations":[{"start":{"line":89,"column":44},"end":{"line":89,"column":52}}],"line":89},"9":{"loc":{"start":{"line":91,"column":8},"end":{"line":91,"column":84}},"type":"if","locations":[{"start":{"line":91,"column":8},"end":{"line":91,"column":84}},{"start":{},"end":{}}],"line":91},"10":{"loc":{"start":{"line":92,"column":8},"end":{"line":92,"column":86}},"type":"if","locations":[{"start":{"line":92,"column":8},"end":{"line":92,"column":86}},{"start":{},"end":{}}],"line":92},"11":{"loc":{"start":{"line":98,"column":8},"end":{"line":142,"column":9}},"type":"if","locations":[{"start":{"line":98,"column":8},"end":{"line":142,"column":9}},{"start":{"line":109,"column":13},"end":{"line":142,"column":9}}],"line":98},"12":{"loc":{"start":{"line":109,"column":13},"end":{"line":142,"column":9}},"type":"if","locations":[{"start":{"line":109,"column":13},"end":{"line":142,"column":9}},{"start":{"line":123,"column":13},"end":{"line":142,"column":9}}],"line":109},"13":{"loc":{"start":{"line":123,"column":13},"end":{"line":142,"column":9}},"type":"if","locations":[{"start":{"line":123,"column":13},"end":{"line":142,"column":9}},{"start":{"line":138,"column":15},"end":{"line":142,"column":9}}],"line":123},"14":{"loc":{"start":{"line":149,"column":20},"end":{"line":149,"column":65}},"type":"binary-expr","locations":[{"start":{"line":149,"column":20},"end":{"line":149,"column":33}},{"start":{"line":149,"column":37},"end":{"line":149,"column":65}}],"line":149}},"s":{"0":1,"1":1,"2":1,"3":1,"4":0,"5":0,"6":0,"7":0,"8":0,"9":0,"10":0,"11":0,"12":0,"13":0,"14":0,"15":0,"16":0,"17":0,"18":0,"19":0,"20":0,"21":0,"22":0,"23":0,"24":0,"25":0,"26":0,"27":0,"28":0,"29":0,"30":0,"31":0,"32":0,"33":0,"34":0,"35":1,"36":0,"37":0,"38":0,"39":0,"40":0,"41":0,"42":0,"43":0,"44":0,"45":0,"46":0,"47":0,"48":0,"49":0,"50":0,"51":0,"52":0,"53":0,"54":0,"55":0,"56":0,"57":0,"58":0,"59":0,"60":0,"61":0,"62":0,"63":0,"64":0,"65":0,"66":0},"f":{"0":0,"1":0},"b":{"0":[0],"1":[0],"2":[0,0],"3":[0,0],"4":[0,0],"5":[0,0],"6":[0,0],"7":[0,0],"8":[0],"9":[0,0],"10":[0,0],"11":[0,0],"12":[0,0],"13":[0,0],"14":[0,0]},"_coverageSchema":"1a1c01bbd47fc00a2c39e90264f33305004495a9","hash":"cf6194bdc0c305bdd2157bb3243d5bf1fe85234a"}
,"C:\\Users\\saite\\OneDrive\\Desktop - Copy\\PP\\mcq generator\\src\\controllers\\authController.js": {"path":"C:\\Users\\saite\\OneDrive\\Desktop - Copy\\PP\\mcq generator\\src\\controllers\\authController.js","statementMap":{"0":{"start":{"line":1,"column":15},"end":{"line":1,"column":34}},"1":{"start":{"line":2,"column":12},"end":{"line":2,"column":35}},"2":{"start":{"line":3,"column":13},"end":{"line":3,"column":38}},"3":{"start":{"line":6,"column":4},"end":{"line":10,"column":6}},"4":{"start":{"line":13,"column":0},"end":{"line":52,"column":2}},"5":{"start":{"line":14,"column":4},"end":{"line":51,"column":5}},"6":{"start":{"line":15,"column":42},"end":{"line":15,"column":50}},"7":{"start":{"line":17,"column":8},"end":{"line":19,"column":9}},"8":{"start":{"line":18,"column":12},"end":{"line":18,"column":95}},"9":{"start":{"line":21,"column":8},"end":{"line":23,"column":9}},"10":{"start":{"line":22,"column":12},"end":{"line":22,"column":95}},"11":{"start":{"line":25,"column":32},"end":{"line":25,"column":66}},"12":{"start":{"line":26,"column":25},"end":{"line":26,"column":71}},"13":{"start":{"line":27,"column":8},"end":{"line":29,"column":9}},"14":{"start":{"line":28,"column":12},"end":{"line":28,"column":98}},"15":{"start":{"line":31,"column":31},"end":{"line":31,"column":70}},"16":{"start":{"line":32,"column":21},"end":{"line":36,"column":10}},"17":{"start":{"line":38,"column":22},"end":{"line":38,"column":39}},"18":{"start":{"line":40,"column":8},"end":{"line":47,"column":11}},"19":{"start":{"line":49,"column":8},"end":{"line":49,"column":46}},"20":{"start":{"line":50,"column":8},"end":{"line":50,"column":77}},"21":{"start":{"line":54,"column":0},"end":{"line":87,"column":2}},"22":{"start":{"line":55,"column":4},"end":{"line":86,"column":5}},"23":{"start":{"line":56,"column":36},"end":{"line":56,"column":44}},"24":{"start":{"line":58,"column":8},"end":{"line":60,"column":9}},"25":{"start":{"line":59,"column":12},"end":{"line":59,"column":88}},"26":{"start":{"line":62,"column":32},"end":{"line":62,"column":66}},"27":{"start":{"line":63,"column":21},"end":{"line":63,"column":67}},"28":{"start":{"line":64,"column":8},"end":{"line":66,"column":9}},"29":{"start":{"line":65,"column":12},"end":{"line":65,"column":82}},"30":{"start":{"line":68,"column":24},"end":{"line":68,"column":77}},"31":{"start":{"line":69,"column":8},"end":{"line":71,"column":9}},"32":{"start":{"line":70,"column":12},"end":{"line":70,"column":82}},"33":{"start":{"line":73,"column":22},"end":{"line":73,"column":39}},"34":{"start":{"line":75,"column":8},"end":{"line":82,"column":11}},"35":{"start":{"line":84,"column":8},"end":{"line":84,"column":46}},"36":{"start":{"line":85,"column":8},"end":{"line":85,"column":70}},"37":{"start":{"line":89,"column":0},"end":{"line":107,"column":2}},"38":{"start":{"line":90,"column":4},"end":{"line":106,"column":5}},"39":{"start":{"line":91,"column":21},"end":{"line":91,"column":78}},"40":{"start":{"line":92,"column":8},"end":{"line":94,"column":9}},"41":{"start":{"line":93,"column":12},"end":{"line":93,"column":71}},"42":{"start":{"line":96,"column":8},"end":{"line":102,"column":11}},"43":{"start":{"line":104,"column":8},"end":{"line":104,"column":51}},"44":{"start":{"line":105,"column":8},"end":{"line":105,"column":81}}},"fnMap":{"0":{"name":"createToken","decl":{"start":{"line":5,"column":9},"end":{"line":5,"column":20}},"loc":{"start":{"line":5,"column":27},"end":{"line":11,"column":1}},"line":5},"1":{"name":"(anonymous_1)","decl":{"start":{"line":13,"column":17},"end":{"line":13,"column":18}},"loc":{"start":{"line":13,"column":37},"end":{"line":52,"column":1}},"line":13},"2":{"name":"(anonymous_2)","decl":{"start":{"line":54,"column":17},"end":{"line":54,"column":18}},"loc":{"start":{"line":54,"column":37},"end":{"line":87,"column":1}},"line":54},"3":{"name":"(anonymous_3)","decl":{"start":{"line":89,"column":13},"end":{"line":89,"column":14}},"loc":{"start":{"line":89,"column":33},"end":{"line":107,"column":1}},"line":89}},"branchMap":{"0":{"loc":{"start":{"line":8,"column":8},"end":{"line":8,"column":56}},"type":"binary-expr","locations":[{"start":{"line":8,"column":8},"end":{"line":8,"column":30}},{"start":{"line":8,"column":34},"end":{"line":8,"column":56}}],"line":8},"1":{"loc":{"start":{"line":17,"column":8},"end":{"line":19,"column":9}},"type":"if","locations":[{"start":{"line":17,"column":8},"end":{"line":19,"column":9}},{"start":{},"end":{}}],"line":17},"2":{"loc":{"start":{"line":17,"column":12},"end":{"line":17,"column":40}},"type":"binary-expr","locations":[{"start":{"line":17,"column":12},"end":{"line":17,"column":17}},{"start":{"line":17,"column":21},"end":{"line":17,"column":27}},{"start":{"line":17,"column":31},"end":{"line":17,"column":40}}],"line":17},"3":{"loc":{"start":{"line":21,"column":8},"end":{"line":23,"column":9}},"type":"if","locations":[{"start":{"line":21,"column":8},"end":{"line":23,"column":9}},{"start":{},"end":{}}],"line":21},"4":{"loc":{"start":{"line":27,"column":8},"end":{"line":29,"column":9}},"type":"if","locations":[{"start":{"line":27,"column":8},"end":{"line":29,"column":9}},{"start":{},"end":{}}],"line":27},"5":{"loc":{"start":{"line":58,"column":8},"end":{"line":60,"column":9}},"type":"if","locations":[{"start":{"line":58,"column":8},"end":{"line":60,"column":9}},{"start":{},"end":{}}],"line":58},"6":{"loc":{"start":{"line":58,"column":12},"end":{"line":58,"column":31}},"type":"binary-expr","locations":[{"start":{"line":58,"column":12},"end":{"line":58,"column":18}},{"start":{"line":58,"column":22},"end":{"line":58,"column":31}}],"line":58},"7":{"loc":{"start":{"line":64,"column":8},"end":{"line":66,"column":9}},"type":"if","locations":[{"start":{"line":64,"column":8},"end":{"line":66,"column":9}},{"start":{},"end":{}}],"line":64},"8":{"loc":{"start":{"line":69,"column":8},"end":{"line":71,"column":9}},"type":"if","locations":[{"start":{"line":69,"column":8},"end":{"line":71,"column":9}},{"start":{},"end":{}}],"line":69},"9":{"loc":{"start":{"line":92,"column":8},"end":{"line":94,"column":9}},"type":"if","locations":[{"start":{"line":92,"column":8},"end":{"line":94,"column":9}},{"start":{},"end":{}}],"line":92}},"s":{"0":0,"1":0,"2":0,"3":0,"4":0,"5":0,"6":0,"7":0,"8":0,"9":0,"10":0,"11":0,"12":0,"13":0,"14":0,"15":0,"16":0,"17":0,"18":0,"19":0,"20":0,"21":0,"22":0,"23":0,"24":0,"25":0,"26":0,"27":0,"28":0,"29":0,"30":0,"31":0,"32":0,"33":0,"34":0,"35":0,"36":0,"37":0,"38":0,"39":0,"40":0,"41":0,"42":0,"43":0,"44":0},"f":{"0":0,"1":0,"2":0,"3":0},"b":{"0":[0,0],"1":[0,0],"2":[0,0,0],"3":[0,0],"4":[0,0],"5":[0,0],"6":[0,0],"7":[0,0],"8":[0,0],"9":[0,0]}}
,"C:\\Users\\saite\\OneDrive\\Desktop - Copy\\PP\\mcq generator\\src\\controllers\\mcqController.js": {"path":"C:\\Users\\saite\\OneDrive\\Desktop - Copy\\PP\\mcq generator\\src\\controllers\\mcqController.js","statementMap":{"0":{"start":{"line":1,"column":31},"end":{"line":1,"column":63}},"1":{"start":{"line":2,"column":15},"end":{"line":2,"column":32}},"2":{"start":{"line":3,"column":22},"end":{"line":3,"column":53}},"3":{"start":{"line":9,"column":30},"end":{"line":16,"column":1}},"4":{"start":{"line":24,"column":4},"end":{"line":24,"column":64}},"5":{"start":{"line":25,"column":4},"end":{"line":68,"column":5}},"6":{"start":{"line":26,"column":25},"end":{"line":28,"column":9}},"7":{"start":{"line":30,"column":8},"end":{"line":34,"column":9}},"8":{"start":{"line":31,"column":25},"end":{"line":31,"column":46}},"9":{"start":{"line":32,"column":12},"end":{"line":32,"column":84}},"10":{"start":{"line":33,"column":12},"end":{"line":33,"column":41}},"11":{"start":{"line":36,"column":21},"end":{"line":36,"column":42}},"12":{"start":{"line":37,"column":26},"end":{"line":50,"column":52}},"13":{"start":{"line":40,"column":20},"end":{"line":48,"column":61}},"14":{"start":{"line":50,"column":22},"end":{"line":50,"column":51}},"15":{"start":{"line":52,"column":8},"end":{"line":52,"column":79}},"16":{"start":{"line":55,"column":24},"end":{"line":55,"column":26}},"17":{"start":{"line":56,"column":8},"end":{"line":59,"column":9}},"18":{"start":{"line":57,"column":26},"end":{"line":57,"column":89}},"19":{"start":{"line":57,"column":46},"end":{"line":57,"column":88}},"20":{"start":{"line":58,"column":12},"end":{"line":58,"column":71}},"21":{"start":{"line":58,"column":51},"end":{"line":58,"column":71}},"22":{"start":{"line":60,"column":8},"end":{"line":62,"column":9}},"23":{"start":{"line":61,"column":12},"end":{"line":61,"column":54}},"24":{"start":{"line":61,"column":38},"end":{"line":61,"column":54}},"25":{"start":{"line":64,"column":8},"end":{"line":64,"column":68}},"26":{"start":{"line":66,"column":8},"end":{"line":66,"column":67}},"27":{"start":{"line":67,"column":8},"end":{"line":67,"column":37}},"28":{"start":{"line":71,"column":0},"end":{"line":254,"column":2}},"29":{"start":{"line":72,"column":4},"end":{"line":253,"column":5}},"30":{"start":{"line":80,"column":12},"end":{"line":80,"column":20}},"31":{"start":{"line":82,"column":8},"end":{"line":82,"column":49}},"32":{"start":{"line":83,"column":8},"end":{"line":83,"column":49}},"33":{"start":{"line":84,"column":8},"end":{"line":84,"column":95}},"34":{"start":{"line":87,"column":38},"end":{"line":87,"column":40}},"35":{"start":{"line":88,"column":38},"end":{"line":88,"column":41}},"36":{"start":{"line":90,"column":27},"end":{"line":90,"column":48}},"37":{"start":{"line":92,"column":12},"end":{"line":92,"column":84}},"38":{"start":{"line":93,"column":8},"end":{"line":101,"column":9}},"39":{"start":{"line":94,"column":27},"end":{"line":94,"column":50}},"40":{"start":{"line":95,"column":12},"end":{"line":99,"column":13}},"41":{"start":{"line":96,"column":16},"end":{"line":98,"column":83}},"42":{"start":{"line":100,"column":12},"end":{"line":100,"column":67}},"43":{"start":{"line":103,"column":8},"end":{"line":103,"column":57}},"44":{"start":{"line":106,"column":8},"end":{"line":106,"column":90}},"45":{"start":{"line":106,"column":22},"end":{"line":106,"column":90}},"46":{"start":{"line":107,"column":8},"end":{"line":107,"column":86}},"47":{"start":{"line":107,"column":22},"end":{"line":107,"column":86}},"48":{"start":{"line":110,"column":29},"end":{"line":137,"column":1}},"49":{"start":{"line":139,"column":22},"end":{"line":139,"column":24}},"50":{"start":{"line":140,"column":30},"end":{"line":140,"column":59}},"51":{"start":{"line":143,"column":8},"end":{"line":240,"column":9}},"52":{"start":{"line":144,"column":36},"end":{"line":144,"column":75}},"53":{"start":{"line":145,"column":26},"end":{"line":145,"column":57}},"54":{"start":{"line":146,"column":28},"end":{"line":146,"column":32}},"55":{"start":{"line":148,"column":12},"end":{"line":177,"column":13}},"56":{"start":{"line":149,"column":16},"end":{"line":149,"column":61}},"57":{"start":{"line":150,"column":16},"end":{"line":176,"column":17}},"58":{"start":{"line":151,"column":34},"end":{"line":151,"column":80}},"59":{"start":{"line":152,"column":35},"end":{"line":154,"column":21}},"60":{"start":{"line":155,"column":20},"end":{"line":155,"column":53}},"61":{"start":{"line":156,"column":20},"end":{"line":156,"column":70}},"62":{"start":{"line":157,"column":20},"end":{"line":157,"column":26}},"63":{"start":{"line":159,"column":20},"end":{"line":159,"column":41}},"64":{"start":{"line":160,"column":35},"end":{"line":160,"column":71}},"65":{"start":{"line":161,"column":20},"end":{"line":161,"column":79}},"66":{"start":{"line":164,"column":20},"end":{"line":174,"column":21}},"67":{"start":{"line":169,"column":24},"end":{"line":173,"column":27}},"68":{"start":{"line":179,"column":12},"end":{"line":188,"column":13}},"69":{"start":{"line":180,"column":31},"end":{"line":182,"column":60}},"70":{"start":{"line":183,"column":16},"end":{"line":183,"column":69}},"71":{"start":{"line":184,"column":16},"end":{"line":187,"column":19}},"72":{"start":{"line":192,"column":13},"end":{"line":240,"column":9}},"73":{"start":{"line":193,"column":12},"end":{"line":210,"column":13}},"74":{"start":{"line":194,"column":31},"end":{"line":194,"column":62}},"75":{"start":{"line":195,"column":35},"end":{"line":202,"column":18}},"76":{"start":{"line":203,"column":16},"end":{"line":203,"column":64}},"77":{"start":{"line":205,"column":31},"end":{"line":205,"column":69}},"78":{"start":{"line":206,"column":16},"end":{"line":206,"column":57}},"79":{"start":{"line":207,"column":16},"end":{"line":209,"column":80}},"80":{"start":{"line":214,"column":13},"end":{"line":240,"column":9}},"81":{"start":{"line":215,"column":12},"end":{"line":235,"column":13}},"82":{"start":{"line":216,"column":29},"end":{"line":219,"column":18}},"83":{"start":{"line":220,"column":35},"end":{"line":227,"column":18}},"84":{"start":{"line":228,"column":16},"end":{"line":228,"column":64}},"85":{"start":{"line":230,"column":31},"end":{"line":230,"column":65}},"86":{"start":{"line":231,"column":16},"end":{"line":231,"column":55}},"87":{"start":{"line":232,"column":16},"end":{"line":234,"column":78}},"88":{"start":{"line":237,"column":12},"end":{"line":239,"column":15}},"89":{"start":{"line":243,"column":27},"end":{"line":243,"column":45}},"90":{"start":{"line":244,"column":24},"end":{"line":244,"column":46}},"91":{"start":{"line":245,"column":8},"end":{"line":245,"column":45}},"92":{"start":{"line":248,"column":8},"end":{"line":248,"column":69}},"93":{"start":{"line":249,"column":8},"end":{"line":252,"column":11}},"94":{"start":{"line":259,"column":0},"end":{"line":462,"column":2}},"95":{"start":{"line":260,"column":4},"end":{"line":461,"column":5}},"96":{"start":{"line":271,"column":12},"end":{"line":271,"column":20}},"97":{"start":{"line":273,"column":28},"end":{"line":273,"column":45}},"98":{"start":{"line":274,"column":30},"end":{"line":274,"column":59}},"99":{"start":{"line":275,"column":32},"end":{"line":275,"column":54}},"100":{"start":{"line":278,"column":8},"end":{"line":280,"column":9}},"101":{"start":{"line":279,"column":12},"end":{"line":279,"column":49}},"102":{"start":{"line":283,"column":8},"end":{"line":287,"column":9}},"103":{"start":{"line":284,"column":12},"end":{"line":286,"column":15}},"104":{"start":{"line":289,"column":8},"end":{"line":289,"column":66}},"105":{"start":{"line":290,"column":8},"end":{"line":290,"column":53}},"106":{"start":{"line":291,"column":8},"end":{"line":291,"column":103}},"107":{"start":{"line":292,"column":8},"end":{"line":292,"column":58}},"108":{"start":{"line":294,"column":8},"end":{"line":296,"column":9}},"109":{"start":{"line":295,"column":12},"end":{"line":295,"column":80}},"110":{"start":{"line":297,"column":8},"end":{"line":299,"column":9}},"111":{"start":{"line":298,"column":12},"end":{"line":298,"column":76}},"112":{"start":{"line":301,"column":29},"end":{"line":347,"column":79}},"113":{"start":{"line":349,"column":22},"end":{"line":349,"column":24}},"114":{"start":{"line":352,"column":8},"end":{"line":448,"column":9}},"115":{"start":{"line":353,"column":36},"end":{"line":353,"column":79}},"116":{"start":{"line":354,"column":26},"end":{"line":354,"column":61}},"117":{"start":{"line":355,"column":28},"end":{"line":355,"column":32}},"118":{"start":{"line":357,"column":12},"end":{"line":383,"column":13}},"119":{"start":{"line":358,"column":16},"end":{"line":358,"column":61}},"120":{"start":{"line":359,"column":16},"end":{"line":382,"column":17}},"121":{"start":{"line":360,"column":34},"end":{"line":360,"column":80}},"122":{"start":{"line":361,"column":35},"end":{"line":363,"column":21}},"123":{"start":{"line":364,"column":20},"end":{"line":364,"column":53}},"124":{"start":{"line":365,"column":20},"end":{"line":365,"column":70}},"125":{"start":{"line":366,"column":20},"end":{"line":366,"column":26}},"126":{"start":{"line":368,"column":20},"end":{"line":368,"column":41}},"127":{"start":{"line":369,"column":35},"end":{"line":369,"column":71}},"128":{"start":{"line":370,"column":20},"end":{"line":370,"column":79}},"129":{"start":{"line":372,"column":20},"end":{"line":381,"column":21}},"130":{"start":{"line":377,"column":24},"end":{"line":380,"column":27}},"131":{"start":{"line":385,"column":12},"end":{"line":394,"column":13}},"132":{"start":{"line":386,"column":31},"end":{"line":388,"column":60}},"133":{"start":{"line":389,"column":16},"end":{"line":389,"column":69}},"134":{"start":{"line":390,"column":16},"end":{"line":393,"column":19}},"135":{"start":{"line":398,"column":13},"end":{"line":448,"column":9}},"136":{"start":{"line":399,"column":12},"end":{"line":417,"column":13}},"137":{"start":{"line":400,"column":31},"end":{"line":400,"column":66}},"138":{"start":{"line":401,"column":35},"end":{"line":408,"column":18}},"139":{"start":{"line":409,"column":16},"end":{"line":409,"column":64}},"140":{"start":{"line":411,"column":31},"end":{"line":411,"column":69}},"141":{"start":{"line":412,"column":16},"end":{"line":412,"column":57}},"142":{"start":{"line":413,"column":16},"end":{"line":416,"column":19}},"143":{"start":{"line":421,"column":13},"end":{"line":448,"column":9}},"144":{"start":{"line":422,"column":12},"end":{"line":443,"column":13}},"145":{"start":{"line":423,"column":29},"end":{"line":426,"column":18}},"146":{"start":{"line":427,"column":35},"end":{"line":434,"column":18}},"147":{"start":{"line":435,"column":16},"end":{"line":435,"column":64}},"148":{"start":{"line":437,"column":31},"end":{"line":437,"column":65}},"149":{"start":{"line":438,"column":16},"end":{"line":438,"column":55}},"150":{"start":{"line":439,"column":16},"end":{"line":442,"column":19}},"151":{"start":{"line":445,"column":12},"end":{"line":447,"column":15}},"152":{"start":{"line":451,"column":27},"end":{"line":451,"column":45}},"153":{"start":{"line":452,"column":31},"end":{"line":452,"column":53}},"154":{"start":{"line":453,"column":8},"end":{"line":453,"column":52}},"155":{"start":{"line":456,"column":8},"end":{"line":456,"column":69}},"156":{"start":{"line":457,"column":8},"end":{"line":460,"column":11}}},"fnMap":{"0":{"name":"getAvailableGeminiModels","decl":{"start":{"line":23,"column":15},"end":{"line":23,"column":39}},"loc":{"start":{"line":23,"column":48},"end":{"line":69,"column":1}},"line":23},"1":{"name":"(anonymous_1)","decl":{"start":{"line":39,"column":16},"end":{"line":39,"column":17}},"loc":{"start":{"line":40,"column":20},"end":{"line":48,"column":61}},"line":40},"2":{"name":"(anonymous_2)","decl":{"start":{"line":50,"column":17},"end":{"line":50,"column":18}},"loc":{"start":{"line":50,"column":22},"end":{"line":50,"column":51}},"line":50},"3":{"name":"(anonymous_3)","decl":{"start":{"line":57,"column":41},"end":{"line":57,"column":42}},"loc":{"start":{"line":57,"column":46},"end":{"line":57,"column":88}},"line":57},"4":{"name":"(anonymous_4)","decl":{"start":{"line":71,"column":22},"end":{"line":71,"column":23}},"loc":{"start":{"line":71,"column":42},"end":{"line":254,"column":1}},"line":71},"5":{"name":"(anonymous_5)","decl":{"start":{"line":259,"column":28},"end":{"line":259,"column":29}},"loc":{"start":{"line":259,"column":48},"end":{"line":462,"column":1}},"line":259}},"branchMap":{"0":{"loc":{"start":{"line":30,"column":8},"end":{"line":34,"column":9}},"type":"if","locations":[{"start":{"line":30,"column":8},"end":{"line":34,"column":9}},{"start":{},"end":{}}],"line":30},"1":{"loc":{"start":{"line":37,"column":27},"end":{"line":37,"column":44}},"type":"binary-expr","locations":[{"start":{"line":37,"column":27},"end":{"line":37,"column":38}},{"start":{"line":37,"column":42},"end":{"line":37,"column":44}}],"line":37},"2":{"loc":{"start":{"line":40,"column":20},"end":{"line":48,"column":61}},"type":"binary-expr","locations":[{"start":{"line":40,"column":20},"end":{"line":40,"column":48}},{"start":{"line":41,"column":20},"end":{"line":41,"column":76}},{"start":{"line":42,"column":20},"end":{"line":42,"column":60}},{"start":{"line":43,"column":20},"end":{"line":43,"column":63}},{"start":{"line":44,"column":20},"end":{"line":44,"column":67}},{"start":{"line":45,"column":20},"end":{"line":45,"column":60}},{"start":{"line":46,"column":20},"end":{"line":46,"column":66}},{"start":{"line":47,"column":20},"end":{"line":47,"column":62}},{"start":{"line":48,"column":20},"end":{"line":48,"column":61}}],"line":40},"3":{"loc":{"start":{"line":57,"column":46},"end":{"line":57,"column":88}},"type":"binary-expr","locations":[{"start":{"line":57,"column":46},"end":{"line":57,"column":61}},{"start":{"line":57,"column":65},"end":{"line":57,"column":88}}],"line":57},"4":{"loc":{"start":{"line":58,"column":12},"end":{"line":58,"column":71}},"type":"if","locations":[{"start":{"line":58,"column":12},"end":{"line":58,"column":71}},{"start":{},"end":{}}],"line":58},"5":{"loc":{"start":{"line":58,"column":16},"end":{"line":58,"column":49}},"type":"binary-expr","locations":[{"start":{"line":58,"column":16},"end":{"line":58,"column":21}},{"start":{"line":58,"column":25},"end":{"line":58,"column":49}}],"line":58},"6":{"loc":{"start":{"line":61,"column":12},"end":{"line":61,"column":54}},"type":"if","locations":[{"start":{"line":61,"column":12},"end":{"line":61,"column":54}},{"start":{},"end":{}}],"line":61},"7":{"loc":{"start":{"line":64,"column":15},"end":{"line":64,"column":67}},"type":"cond-expr","locations":[{"start":{"line":64,"column":36},"end":{"line":64,"column":43}},{"start":{"line":64,"column":46},"end":{"line":64,"column":67}}],"line":64},"8":{"loc":{"start":{"line":76,"column":12},"end":{"line":76,"column":33}},"type":"default-arg","locations":[{"start":{"line":76,"column":25},"end":{"line":76,"column":33}}],"line":76},"9":{"loc":{"start":{"line":77,"column":12},"end":{"line":77,"column":31}},"type":"default-arg","locations":[{"start":{"line":77,"column":23},"end":{"line":77,"column":31}}],"line":77},"10":{"loc":{"start":{"line":84,"column":38},"end":{"line":84,"column":91}},"type":"cond-expr","locations":[{"start":{"line":84,"column":48},"end":{"line":84,"column":79}},{"start":{"line":84,"column":82},"end":{"line":84,"column":91}}],"line":84},"11":{"loc":{"start":{"line":92,"column":12},"end":{"line":92,"column":84}},"type":"cond-expr","locations":[{"start":{"line":92,"column":51},"end":{"line":92,"column":64}},{"start":{"line":92,"column":67},"end":{"line":92,"column":84}}],"line":92},"12":{"loc":{"start":{"line":93,"column":8},"end":{"line":101,"column":9}},"type":"if","locations":[{"start":{"line":93,"column":8},"end":{"line":101,"column":9}},{"start":{},"end":{}}],"line":93},"13":{"loc":{"start":{"line":95,"column":12},"end":{"line":99,"column":13}},"type":"if","locations":[{"start":{"line":95,"column":12},"end":{"line":99,"column":13}},{"start":{},"end":{}}],"line":95},"14":{"loc":{"start":{"line":95,"column":16},"end":{"line":95,"column":44}},"type":"binary-expr","locations":[{"start":{"line":95,"column":16},"end":{"line":95,"column":29}},{"start":{"line":95,"column":33},"end":{"line":95,"column":44}}],"line":95},"15":{"loc":{"start":{"line":106,"column":8},"end":{"line":106,"column":90}},"type":"if","locations":[{"start":{"line":106,"column":8},"end":{"line":106,"column":90}},{"start":{},"end":{}}],"line":106},"16":{"loc":{"start":{"line":107,"column":8},"end":{"line":107,"column":86}},"type":"if","locations":[{"start":{"line":107,"column":8},"end":{"line":107,"column":86}},{"start":{},"end":{}}],"line":107},"17":{"loc":{"start":{"line":143,"column":8},"end":{"line":240,"column":9}},"type":"if","locations":[{"start":{"line":143,"column":8},"end":{"line":240,"column":9}},{"start":{"line":192,"column":13},"end":{"line":240,"column":9}}],"line":143},"18":{"loc":{"start":{"line":160,"column":35},"end":{"line":160,"column":71}},"type":"binary-expr","locations":[{"start":{"line":160,"column":35},"end":{"line":160,"column":51}},{"start":{"line":160,"column":55},"end":{"line":160,"column":71}}],"line":160},"19":{"loc":{"start":{"line":164,"column":20},"end":{"line":174,"column":21}},"type":"if","locations":[{"start":{"line":164,"column":20},"end":{"line":174,"column":21}},{"start":{},"end":{}}],"line":164},"20":{"loc":{"start":{"line":165,"column":24},"end":{"line":167,"column":46}},"type":"binary-expr","locations":[{"start":{"line":165,"column":24},"end":{"line":165,"column":58}},{"start":{"line":166,"column":24},"end":{"line":166,"column":60}},{"start":{"line":167,"column":24},"end":{"line":167,"column":46}}],"line":165},"21":{"loc":{"start":{"line":179,"column":12},"end":{"line":188,"column":13}},"type":"if","locations":[{"start":{"line":179,"column":12},"end":{"line":188,"column":13}},{"start":{},"end":{}}],"line":179},"22":{"loc":{"start":{"line":180,"column":31},"end":{"line":182,"column":60}},"type":"cond-expr","locations":[{"start":{"line":181,"column":22},"end":{"line":181,"column":60}},{"start":{"line":182,"column":22},"end":{"line":182,"column":60}}],"line":180},"23":{"loc":{"start":{"line":181,"column":22},"end":{"line":181,"column":60}},"type":"binary-expr","locations":[{"start":{"line":181,"column":22},"end":{"line":181,"column":39}},{"start":{"line":181,"column":43},"end":{"line":181,"column":60}}],"line":181},"24":{"loc":{"start":{"line":192,"column":13},"end":{"line":240,"column":9}},"type":"if","locations":[{"start":{"line":192,"column":13},"end":{"line":240,"column":9}},{"start":{"line":214,"column":13},"end":{"line":240,"column":9}}],"line":192},"25":{"loc":{"start":{"line":205,"column":31},"end":{"line":205,"column":69}},"type":"binary-expr","locations":[{"start":{"line":205,"column":31},"end":{"line":205,"column":48}},{"start":{"line":205,"column":52},"end":{"line":205,"column":69}}],"line":205},"26":{"loc":{"start":{"line":214,"column":13},"end":{"line":240,"column":9}},"type":"if","locations":[{"start":{"line":214,"column":13},"end":{"line":240,"column":9}},{"start":{"line":236,"column":15},"end":{"line":240,"column":9}}],"line":214},"27":{"loc":{"start":{"line":230,"column":31},"end":{"line":230,"column":65}},"type":"binary-expr","locations":[{"start":{"line":230,"column":31},"end":{"line":230,"column":46}},{"start":{"line":230,"column":50},"end":{"line":230,"column":65}}],"line":230},"28":{"loc":{"start":{"line":248,"column":45},"end":{"line":248,"column":67}},"type":"binary-expr","locations":[{"start":{"line":248,"column":45},"end":{"line":248,"column":58}},{"start":{"line":248,"column":62},"end":{"line":248,"column":67}}],"line":248},"29":{"loc":{"start":{"line":250,"column":20},"end":{"line":250,"column":60}},"type":"binary-expr","locations":[{"start":{"line":250,"column":20},"end":{"line":250,"column":33}},{"start":{"line":250,"column":37},"end":{"line":250,"column":60}}],"line":250},"30":{"loc":{"start":{"line":251,"column":19},"end":{"line":251,"column":83}},"type":"cond-expr","locations":[{"start":{"line":251,"column":60},"end":{"line":251,"column":71}},{"start":{"line":251,"column":74},"end":{"line":251,"column":83}}],"line":251},"31":{"loc":{"start":{"line":265,"column":12},"end":{"line":265,"column":33}},"type":"default-arg","locations":[{"start":{"line":265,"column":25},"end":{"line":265,"column":33}}],"line":265},"32":{"loc":{"start":{"line":266,"column":12},"end":{"line":266,"column":31}},"type":"default-arg","locations":[{"start":{"line":266,"column":23},"end":{"line":266,"column":31}}],"line":266},"33":{"loc":{"start":{"line":267,"column":12},"end":{"line":267,"column":28}},"type":"default-arg","locations":[{"start":{"line":267,"column":27},"end":{"line":267,"column":28}}],"line":267},"34":{"loc":{"start":{"line":268,"column":12},"end":{"line":268,"column":32}},"type":"default-arg","locations":[{"start":{"line":268,"column":27},"end":{"line":268,"column":32}}],"line":268},"35":{"loc":{"start":{"line":273,"column":28},"end":{"line":273,"column":45}},"type":"binary-expr","locations":[{"start":{"line":273,"column":28},"end":{"line":273,"column":34}},{"start":{"line":273,"column":38},"end":{"line":273,"column":45}}],"line":273},"36":{"loc":{"start":{"line":275,"column":32},"end":{"line":275,"column":54}},"type":"binary-expr","locations":[{"start":{"line":275,"column":32},"end":{"line":275,"column":42}},{"start":{"line":275,"column":46},"end":{"line":275,"column":54}}],"line":275},"37":{"loc":{"start":{"line":278,"column":8},"end":{"line":280,"column":9}},"type":"if","locations":[{"start":{"line":278,"column":8},"end":{"line":280,"column":9}},{"start":{},"end":{}}],"line":278},"38":{"loc":{"start":{"line":283,"column":8},"end":{"line":287,"column":9}},"type":"if","locations":[{"start":{"line":283,"column":8},"end":{"line":287,"column":9}},{"start":{},"end":{}}],"line":283},"39":{"loc":{"start":{"line":291,"column":38},"end":{"line":291,"column":99}},"type":"cond-expr","locations":[{"start":{"line":291,"column":52},"end":{"line":291,"column":87}},{"start":{"line":291,"column":90},"end":{"line":291,"column":99}}],"line":291},"40":{"loc":{"start":{"line":294,"column":8},"end":{"line":296,"column":9}},"type":"if","locations":[{"start":{"line":294,"column":8},"end":{"line":296,"column":9}},{"start":{},"end":{}}],"line":294},"41":{"loc":{"start":{"line":297,"column":8},"end":{"line":299,"column":9}},"type":"if","locations":[{"start":{"line":297,"column":8},"end":{"line":299,"column":9}},{"start":{},"end":{}}],"line":297},"42":{"loc":{"start":{"line":352,"column":8},"end":{"line":448,"column":9}},"type":"if","locations":[{"start":{"line":352,"column":8},"end":{"line":448,"column":9}},{"start":{"line":398,"column":13},"end":{"line":448,"column":9}}],"line":352},"43":{"loc":{"start":{"line":369,"column":35},"end":{"line":369,"column":71}},"type":"binary-expr","locations":[{"start":{"line":369,"column":35},"end":{"line":369,"column":51}},{"start":{"line":369,"column":55},"end":{"line":369,"column":71}}],"line":369},"44":{"loc":{"start":{"line":372,"column":20},"end":{"line":381,"column":21}},"type":"if","locations":[{"start":{"line":372,"column":20},"end":{"line":381,"column":21}},{"start":{},"end":{}}],"line":372},"45":{"loc":{"start":{"line":373,"column":24},"end":{"line":375,"column":46}},"type":"binary-expr","locations":[{"start":{"line":373,"column":24},"end":{"line":373,"column":58}},{"start":{"line":374,"column":24},"end":{"line":374,"column":60}},{"start":{"line":375,"column":24},"end":{"line":375,"column":46}}],"line":373},"46":{"loc":{"start":{"line":385,"column":12},"end":{"line":394,"column":13}},"type":"if","locations":[{"start":{"line":385,"column":12},"end":{"line":394,"column":13}},{"start":{},"end":{}}],"line":385},"47":{"loc":{"start":{"line":386,"column":31},"end":{"line":388,"column":60}},"type":"cond-expr","locations":[{"start":{"line":387,"column":22},"end":{"line":387,"column":60}},{"start":{"line":388,"column":22},"end":{"line":388,"column":60}}],"line":386},"48":{"loc":{"start":{"line":387,"column":22},"end":{"line":387,"column":60}},"type":"binary-expr","locations":[{"start":{"line":387,"column":22},"end":{"line":387,"column":39}},{"start":{"line":387,"column":43},"end":{"line":387,"column":60}}],"line":387},"49":{"loc":{"start":{"line":398,"column":13},"end":{"line":448,"column":9}},"type":"if","locations":[{"start":{"line":398,"column":13},"end":{"line":448,"column":9}},{"start":{"line":421,"column":13},"end":{"line":448,"column":9}}],"line":398},"50":{"loc":{"start":{"line":411,"column":31},"end":{"line":411,"column":69}},"type":"binary-expr","locations":[{"start":{"line":411,"column":31},"end":{"line":411,"column":48}},{"start":{"line":411,"column":52},"end":{"line":411,"column":69}}],"line":411},"51":{"loc":{"start":{"line":421,"column":13},"end":{"line":448,"column":9}},"type":"if","locations":[{"start":{"line":421,"column":13},"end":{"line":448,"column":9}},{"start":{"line":444,"column":15},"end":{"line":448,"column":9}}],"line":421},"52":{"loc":{"start":{"line":437,"column":31},"end":{"line":437,"column":65}},"type":"binary-expr","locations":[{"start":{"line":437,"column":31},"end":{"line":437,"column":46}},{"start":{"line":437,"column":50},"end":{"line":437,"column":65}}],"line":437},"53":{"loc":{"start":{"line":456,"column":45},"end":{"line":456,"column":67}},"type":"binary-expr","locations":[{"start":{"line":456,"column":45},"end":{"line":456,"column":58}},{"start":{"line":456,"column":62},"end":{"line":456,"column":67}}],"line":456},"54":{"loc":{"start":{"line":458,"column":20},"end":{"line":458,"column":60}},"type":"binary-expr","locations":[{"start":{"line":458,"column":20},"end":{"line":458,"column":33}},{"start":{"line":458,"column":37},"end":{"line":458,"column":60}}],"line":458},"55":{"loc":{"start":{"line":459,"column":19},"end":{"line":459,"column":83}},"type":"cond-expr","locations":[{"start":{"line":459,"column":60},"end":{"line":459,"column":71}},{"start":{"line":459,"column":74},"end":{"line":459,"column":83}}],"line":459}},"s":{"0":1,"1":1,"2":1,"3":1,"4":5,"5":5,"6":5,"7":5,"8":5,"9":5,"10":5,"11":0,"12":0,"13":0,"14":0,"15":0,"16":0,"17":0,"18":0,"19":0,"20":0,"21":0,"22":0,"23":0,"24":0,"25":0,"26":0,"27":0,"28":1,"29":7,"30":7,"31":7,"32":7,"33":7,"34":7,"35":7,"36":7,"37":7,"38":7,"39":4,"40":4,"41":0,"42":4,"43":7,"44":7,"45":1,"46":6,"47":1,"48":5,"49":5,"50":5,"51":5,"52":5,"53":5,"54":5,"55":5,"56":5,"57":5,"58":5,"59":5,"60":0,"61":0,"62":0,"63":5,"64":5,"65":5,"66":5,"67":5,"68":0,"69":0,"70":0,"71":0,"72":0,"73":0,"74":0,"75":0,"76":0,"77":0,"78":0,"79":0,"80":0,"81":0,"82":0,"83":0,"84":0,"85":0,"86":0,"87":0,"88":0,"89":0,"90":0,"91":0,"92":0,"93":0,"94":1,"95":0,"96":0,"97":0,"98":0,"99":0,"100":0,"101":0,"102":0,"103":0,"104":0,"105":0,"106":0,"107":0,"108":0,"109":0,"110":0,"111":0,"112":0,"113":0,"114":0,"115":0,"116":0,"117":0,"118":0,"119":0,"120":0,"121":0,"122":0,"123":0,"124":0,"125":0,"126":0,"127":0,"128":0,"129":0,"130":0,"131":0,"132":0,"133":0,"134":0,"135":0,"136":0,"137":0,"138":0,"139":0,"140":0,"141":0,"142":0,"143":0,"144":0,"145":0,"146":0,"147":0,"148":0,"149":0,"150":0,"151":0,"152":0,"153":0,"154":0,"155":0,"156":0},"f":{"0":5,"1":0,"2":0,"3":0,"4":7,"5":0},"b":{"0":[5,0],"1":[0,0],"2":[0,0,0,0,0,0,0,0,0],"3":[0,0],"4":[0,0],"5":[0,0],"6":[0,0],"7":[0,0],"8":[4],"9":[7],"10":[6,1],"11":[3,4],"12":[4,3],"13":[0,4],"14":[4,4],"15":[1,6],"16":[1,5],"17":[5,0],"18":[5,0],"19":[5,0],"20":[5,0,0],"21":[0,0],"22":[0,0],"23":[0,0],"24":[0,0],"25":[0,0],"26":[0,0],"27":[0,0],"28":[0,0],"29":[0,0],"30":[0,0],"31":[0],"32":[0],"33":[0],"34":[0],"35":[0,0],"36":[0,0],"37":[0,0],"38":[0,0],"39":[0,0],"40":[0,0],"41":[0,0],"42":[0,0],"43":[0,0],"44":[0,0],"45":[0,0,0],"46":[0,0],"47":[0,0],"48":[0,0],"49":[0,0],"50":[0,0],"51":[0,0],"52":[0,0],"53":[0,0],"54":[0,0],"55":[0,0]},"_coverageSchema":"1a1c01bbd47fc00a2c39e90264f33305004495a9","hash":"0e6f813645356dc65f20b46c780681a9e09094ed"}
,"C:\\Users\\saite\\OneDrive\\Desktop - Copy\\PP\\mcq generator\\src\\middleware\\authMiddleware.js": {"path":"C:\\Users\\saite\\OneDrive\\Desktop - Copy\\PP\\mcq generator\\src\\middleware\\authMiddleware.js","statementMap":{"0":{"start":{"line":1,"column":12},"end":{"line":1,"column":35}},"1":{"start":{"line":4,"column":23},"end":{"line":4,"column":54}},"2":{"start":{"line":5,"column":18},"end":{"line":5,"column":79}},"3":{"start":{"line":7,"column":4},"end":{"line":9,"column":5}},"4":{"start":{"line":8,"column":8},"end":{"line":8,"column":83}},"5":{"start":{"line":11,"column":4},"end":{"line":17,"column":5}},"6":{"start":{"line":12,"column":24},"end":{"line":12,"column":91}},"7":{"start":{"line":13,"column":8},"end":{"line":13,"column":27}},"8":{"start":{"line":14,"column":8},"end":{"line":14,"column":15}},"9":{"start":{"line":16,"column":8},"end":{"line":16,"column":77}},"10":{"start":{"line":20,"column":0},"end":{"line":20,"column":32}}},"fnMap":{"0":{"name":"authMiddleware","decl":{"start":{"line":3,"column":9},"end":{"line":3,"column":23}},"loc":{"start":{"line":3,"column":40},"end":{"line":18,"column":1}},"line":3}},"branchMap":{"0":{"loc":{"start":{"line":4,"column":23},"end":{"line":4,"column":54}},"type":"binary-expr","locations":[{"start":{"line":4,"column":23},"end":{"line":4,"column":48}},{"start":{"line":4,"column":52},"end":{"line":4,"column":54}}],"line":4},"1":{"loc":{"start":{"line":5,"column":18},"end":{"line":5,"column":79}},"type":"cond-expr","locations":[{"start":{"line":5,"column":53},"end":{"line":5,"column":72}},{"start":{"line":5,"column":75},"end":{"line":5,"column":79}}],"line":5},"2":{"loc":{"start":{"line":7,"column":4},"end":{"line":9,"column":5}},"type":"if","locations":[{"start":{"line":7,"column":4},"end":{"line":9,"column":5}},{"start":{},"end":{}}],"line":7},"3":{"loc":{"start":{"line":12,"column":42},"end":{"line":12,"column":90}},"type":"binary-expr","locations":[{"start":{"line":12,"column":42},"end":{"line":12,"column":64}},{"start":{"line":12,"column":68},"end":{"line":12,"column":90}}],"line":12}},"s":{"0":0,"1":0,"2":0,"3":0,"4":0,"5":0,"6":0,"7":0,"8":0,"9":0,"10":0},"f":{"0":0},"b":{"0":[0,0],"1":[0,0],"2":[0,0],"3":[0,0]}}
,"C:\\Users\\saite\\OneDrive\\Desktop - Copy\\PP\\mcq generator\\src\\models\\User.js": {"path":"C:\\Users\\saite\\OneDrive\\Desktop - Copy\\PP\\mcq generator\\src\\models\\User.js","statementMap":{"0":{"start":{"line":1,"column":17},"end":{"line":1,"column":36}},"1":{"start":{"line":3,"column":19},"end":{"line":25,"column":1}},"2":{"start":{"line":27,"column":0},"end":{"line":27,"column":52}}},"fnMap":{},"branchMap":{},"s":{"0":0,"1":0,"2":0},"f":{},"b":{}}
,"C:\\Users\\saite\\OneDrive\\Desktop - Copy\\PP\\mcq generator\\src\\routes\\assistantRoutes.js": {"path":"C:\\Users\\saite\\OneDrive\\Desktop - Copy\\PP\\mcq generator\\src\\routes\\assistantRoutes.js","statementMap":{"0":{"start":{"line":1,"column":16},"end":{"line":1,"column":34}},"1":{"start":{"line":2,"column":15},"end":{"line":2,"column":31}},"2":{"start":{"line":3,"column":28},"end":{"line":3,"column":73}},"3":{"start":{"line":6,"column":0},"end":{"line":6,"column":66}},"4":{"start":{"line":7,"column":0},"end":{"line":7,"column":74}},"5":{"start":{"line":9,"column":0},"end":{"line":9,"column":24}}},"fnMap":{},"branchMap":{},"s":{"0":1,"1":1,"2":1,"3":1,"4":1,"5":1},"f":{},"b":{},"_coverageSchema":"1a1c01bbd47fc00a2c39e90264f33305004495a9","hash":"d43fbb3983acdeec482c03758279de32b6d659cf"}
,"C:\\Users\\saite\\OneDrive\\Desktop - Copy\\PP\\mcq generator\\src\\routes\\authRoutes.js": {"path":"C:\\Users\\saite\\OneDrive\\Desktop - Copy\\PP\\mcq generator\\src\\routes\\authRoutes.js","statementMap":{"0":{"start":{"line":1,"column":16},"end":{"line":1,"column":34}},"1":{"start":{"line":2,"column":23},"end":{"line":2,"column":63}},"2":{"start":{"line":3,"column":23},"end":{"line":3,"column":62}},"3":{"start":{"line":5,"column":15},"end":{"line":5,"column":31}},"4":{"start":{"line":7,"column":0},"end":{"line":7,"column":46}},"5":{"start":{"line":8,"column":0},"end":{"line":8,"column":46}},"6":{"start":{"line":9,"column":0},"end":{"line":9,"column":53}},"7":{"start":{"line":11,"column":0},"end":{"line":11,"column":24}}},"fnMap":{},"branchMap":{},"s":{"0":0,"1":0,"2":0,"3":0,"4":0,"5":0,"6":0,"7":0},"f":{},"b":{}}
,"C:\\Users\\saite\\OneDrive\\Desktop - Copy\\PP\\mcq generator\\src\\routes\\mcqRoutes.js": {"path":"C:\\Users\\saite\\OneDrive\\Desktop - Copy\\PP\\mcq generator\\src\\routes\\mcqRoutes.js","statementMap":{"0":{"start":{"line":1,"column":16},"end":{"line":1,"column":34}},"1":{"start":{"line":2,"column":15},"end":{"line":2,"column":31}},"2":{"start":{"line":3,"column":22},"end":{"line":3,"column":61}},"3":{"start":{"line":6,"column":0},"end":{"line":6,"column":56}},"4":{"start":{"line":9,"column":0},"end":{"line":9,"column":68}},"5":{"start":{"line":11,"column":0},"end":{"line":11,"column":24}}},"fnMap":{},"branchMap":{},"s":{"0":1,"1":1,"2":1,"3":1,"4":1,"5":1},"f":{},"b":{},"_coverageSchema":"1a1c01bbd47fc00a2c39e90264f33305004495a9","hash":"4ad05f420cbae5d8b6f08584ab77a55917fbf814"}
,"C:\\Users\\saite\\OneDrive\\Desktop - Copy\\PP\\mcq generator\\src\\utils\\jsonCleaner.js": {"path":"C:\\Users\\saite\\OneDrive\\Desktop - Copy\\PP\\mcq generator\\src\\utils\\jsonCleaner.js","statementMap":{"0":{"start":{"line":8,"column":18},"end":{"line":97,"column":1}},"1":{"start":{"line":10,"column":18},"end":{"line":14,"column":15}},"2":{"start":{"line":19,"column":23},"end":{"line":19,"column":43}},"3":{"start":{"line":20,"column":24},"end":{"line":20,"column":44}},"4":{"start":{"line":24,"column":4},"end":{"line":38,"column":5}},"5":{"start":{"line":26,"column":8},"end":{"line":26,"column":23}},"6":{"start":{"line":27,"column":11},"end":{"line":38,"column":5}},"7":{"start":{"line":28,"column":8},"end":{"line":28,"column":24}},"8":{"start":{"line":28,"column":25},"end":{"line":28,"column":39}},"9":{"start":{"line":28,"column":40},"end":{"line":28,"column":63}},"10":{"start":{"line":29,"column":11},"end":{"line":38,"column":5}},"11":{"start":{"line":30,"column":8},"end":{"line":30,"column":24}},"12":{"start":{"line":30,"column":25},"end":{"line":30,"column":39}},"13":{"start":{"line":30,"column":40},"end":{"line":30,"column":62}},"14":{"start":{"line":33,"column":8},"end":{"line":37,"column":9}},"15":{"start":{"line":34,"column":12},"end":{"line":34,"column":28}},"16":{"start":{"line":34,"column":29},"end":{"line":34,"column":43}},"17":{"start":{"line":34,"column":44},"end":{"line":34,"column":66}},"18":{"start":{"line":36,"column":12},"end":{"line":36,"column":28}},"19":{"start":{"line":36,"column":29},"end":{"line":36,"column":43}},"20":{"start":{"line":36,"column":44},"end":{"line":36,"column":67}},"21":{"start":{"line":42,"column":16},"end":{"line":42,"column":17}},"22":{"start":{"line":43,"column":19},"end":{"line":43,"column":24}},"23":{"start":{"line":44,"column":17},"end":{"line":44,"column":22}},"24":{"start":{"line":45,"column":21},"end":{"line":45,"column":23}},"25":{"start":{"line":47,"column":4},"end":{"line":93,"column":5}},"26":{"start":{"line":47,"column":17},"end":{"line":47,"column":25}},"27":{"start":{"line":48,"column":19},"end":{"line":48,"column":29}},"28":{"start":{"line":50,"column":8},"end":{"line":54,"column":9}},"29":{"start":{"line":51,"column":12},"end":{"line":51,"column":29}},"30":{"start":{"line":52,"column":12},"end":{"line":52,"column":27}},"31":{"start":{"line":53,"column":12},"end":{"line":53,"column":21}},"32":{"start":{"line":55,"column":8},"end":{"line":59,"column":9}},"33":{"start":{"line":56,"column":12},"end":{"line":56,"column":29}},"34":{"start":{"line":57,"column":12},"end":{"line":57,"column":26}},"35":{"start":{"line":58,"column":12},"end":{"line":58,"column":21}},"36":{"start":{"line":60,"column":8},"end":{"line":64,"column":9}},"37":{"start":{"line":61,"column":12},"end":{"line":61,"column":29}},"38":{"start":{"line":62,"column":12},"end":{"line":62,"column":33}},"39":{"start":{"line":63,"column":12},"end":{"line":63,"column":21}},"40":{"start":{"line":68,"column":8},"end":{"line":79,"column":9}},"41":{"start":{"line":69,"column":12},"end":{"line":78,"column":13}},"42":{"start":{"line":70,"column":16},"end":{"line":70,"column":36}},"43":{"start":{"line":71,"column":16},"end":{"line":71,"column":25}},"44":{"start":{"line":72,"column":19},"end":{"line":78,"column":13}},"45":{"start":{"line":73,"column":16},"end":{"line":73,"column":36}},"46":{"start":{"line":74,"column":16},"end":{"line":74,"column":25}},"47":{"start":{"line":75,"column":19},"end":{"line":78,"column":13}},"48":{"start":{"line":76,"column":16},"end":{"line":76,"column":36}},"49":{"start":{"line":77,"column":16},"end":{"line":77,"column":25}},"50":{"start":{"line":81,"column":8},"end":{"line":81,"column":25}},"51":{"start":{"line":83,"column":8},"end":{"line":92,"column":9}},"52":{"start":{"line":84,"column":12},"end":{"line":91,"column":13}},"53":{"start":{"line":84,"column":34},"end":{"line":84,"column":42}},"54":{"start":{"line":85,"column":17},"end":{"line":91,"column":13}},"55":{"start":{"line":86,"column":16},"end":{"line":86,"column":24}},"56":{"start":{"line":87,"column":16},"end":{"line":90,"column":17}},"57":{"start":{"line":89,"column":20},"end":{"line":89,"column":38}},"58":{"start":{"line":96,"column":4},"end":{"line":96,"column":22}},"59":{"start":{"line":99,"column":0},"end":{"line":99,"column":31}}},"fnMap":{"0":{"name":"(anonymous_0)","decl":{"start":{"line":8,"column":18},"end":{"line":8,"column":19}},"loc":{"start":{"line":8,"column":28},"end":{"line":97,"column":1}},"line":8}},"branchMap":{"0":{"loc":{"start":{"line":24,"column":4},"end":{"line":38,"column":5}},"type":"if","locations":[{"start":{"line":24,"column":4},"end":{"line":38,"column":5}},{"start":{"line":27,"column":11},"end":{"line":38,"column":5}}],"line":24},"1":{"loc":{"start":{"line":24,"column":8},"end":{"line":24,"column":47}},"type":"binary-expr","locations":[{"start":{"line":24,"column":8},"end":{"line":24,"column":25}},{"start":{"line":24,"column":29},"end":{"line":24,"column":47}}],"line":24},"2":{"loc":{"start":{"line":27,"column":11},"end":{"line":38,"column":5}},"type":"if","locations":[{"start":{"line":27,"column":11},"end":{"line":38,"column":5}},{"start":{"line":29,"column":11},"end":{"line":38,"column":5}}],"line":27},"3":{"loc":{"start":{"line":29,"column":11},"end":{"line":38,"column":5}},"type":"if","locations":[{"start":{"line":29,"column":11},"end":{"line":38,"column":5}},{"start":{"line":31,"column":11},"end":{"line":38,"column":5}}],"line":29},"4":{"loc":{"start":{"line":33,"column":8},"end":{"line":37,"column":9}},"type":"if","locations":[{"start":{"line":33,"column":8},"end":{"line":37,"column":9}},{"start":{"line":35,"column":15},"end":{"line":37,"column":9}}],"line":33},"5":{"loc":{"start":{"line":50,"column":8},"end":{"line":54,"column":9}},"type":"if","locations":[{"start":{"line":50,"column":8},"end":{"line":54,"column":9}},{"start":{},"end":{}}],"line":50},"6":{"loc":{"start":{"line":55,"column":8},"end":{"line":59,"column":9}},"type":"if","locations":[{"start":{"line":55,"column":8},"end":{"line":59,"column":9}},{"start":{},"end":{}}],"line":55},"7":{"loc":{"start":{"line":55,"column":12},"end":{"line":55,"column":35}},"type":"binary-expr","locations":[{"start":{"line":55,"column":12},"end":{"line":55,"column":23}},{"start":{"line":55,"column":27},"end":{"line":55,"column":35}}],"line":55},"8":{"loc":{"start":{"line":60,"column":8},"end":{"line":64,"column":9}},"type":"if","locations":[{"start":{"line":60,"column":8},"end":{"line":64,"column":9}},{"start":{},"end":{}}],"line":60},"9":{"loc":{"start":{"line":68,"column":8},"end":{"line":79,"column":9}},"type":"if","locations":[{"start":{"line":68,"column":8},"end":{"line":79,"column":9}},{"start":{},"end":{}}],"line":68},"10":{"loc":{"start":{"line":69,"column":12},"end":{"line":78,"column":13}},"type":"if","locations":[{"start":{"line":69,"column":12},"end":{"line":78,"column":13}},{"start":{"line":72,"column":19},"end":{"line":78,"column":13}}],"line":69},"11":{"loc":{"start":{"line":72,"column":19},"end":{"line":78,"column":13}},"type":"if","locations":[{"start":{"line":72,"column":19},"end":{"line":78,"column":13}},{"start":{"line":75,"column":19},"end":{"line":78,"column":13}}],"line":72},"12":{"loc":{"start":{"line":75,"column":19},"end":{"line":78,"column":13}},"type":"if","locations":[{"start":{"line":75,"column":19},"end":{"line":78,"column":13}},{"start":{},"end":{}}],"line":75},"13":{"loc":{"start":{"line":83,"column":8},"end":{"line":92,"column":9}},"type":"if","locations":[{"start":{"line":83,"column":8},"end":{"line":92,"column":9}},{"start":{},"end":{}}],"line":83},"14":{"loc":{"start":{"line":84,"column":12},"end":{"line":91,"column":13}},"type":"if","locations":[{"start":{"line":84,"column":12},"end":{"line":91,"column":13}},{"start":{"line":85,"column":17},"end":{"line":91,"column":13}}],"line":84},"15":{"loc":{"start":{"line":85,"column":17},"end":{"line":91,"column":13}},"type":"if","locations":[{"start":{"line":85,"column":17},"end":{"line":91,"column":13}},{"start":{},"end":{}}],"line":85},"16":{"loc":{"start":{"line":87,"column":16},"end":{"line":90,"column":17}},"type":"if","locations":[{"start":{"line":87,"column":16},"end":{"line":90,"column":17}},{"start":{},"end":{}}],"line":87}},"s":{"0":1,"1":0,"2":0,"3":0,"4":0,"5":0,"6":0,"7":0,"8":0,"9":0,"10":0,"11":0,"12":0,"13":0,"14":0,"15":0,"16":0,"17":0,"18":0,"19":0,"20":0,"21":0,"22":0,"23":0,"24":0,"25":0,"26":0,"27":0,"28":0,"29":0,"30":0,"31":0,"32":0,"33":0,"34":0,"35":0,"36":0,"37":0,"38":0,"39":0,"40":0,"41":0,"42":0,"43":0,"44":0,"45":0,"46":0,"47":0,"48":0,"49":0,"50":0,"51":0,"52":0,"53":0,"54":0,"55":0,"56":0,"57":0,"58":0,"59":1},"f":{"0":0},"b":{"0":[0,0],"1":[0,0],"2":[0,0],"3":[0,0],"4":[0,0],"5":[0,0],"6":[0,0],"7":[0,0],"8":[0,0],"9":[0,0],"10":[0,0],"11":[0,0],"12":[0,0],"13":[0,0],"14":[0,0],"15":[0,0],"16":[0,0]},"_coverageSchema":"1a1c01bbd47fc00a2c39e90264f33305004495a9","hash":"230e162a4a3b0c61914e9d416b708165ac57077f"}
}
