TN:
SF:src\app.js
FN:8,(anonymous_0)
FN:12,(anonymous_1)
FN:16,(anonymous_2)
FNF:3
FNH:0
FNDA:0,(anonymous_0)
FNDA:0,(anonymous_1)
FNDA:0,(anonymous_2)
DA:1,0
DA:2,0
DA:3,0
DA:5,0
DA:8,0
DA:9,0
DA:12,0
DA:13,0
DA:16,0
DA:17,0
DA:18,0
LF:11
LH:0
BRDA:5,0,0,0
BRDA:5,0,1,0
BRF:2
BRH:0
end_of_record
TN:
SF:src\server.js
FN:22,(anonymous_0)
FNF:1
FNH:1
FNDA:1,(anonymous_0)
DA:2,1
DA:3,1
DA:4,1
DA:5,1
DA:6,1
DA:8,1
DA:11,1
DA:12,1
DA:15,1
DA:18,1
DA:19,1
DA:22,1
DA:23,1
DA:26,1
LF:14
LH:14
BRF:0
BRH:0
end_of_record
TN:
SF:src\controllers\assistantController.js
FN:11,(anonymous_0)
FN:87,(anonymous_1)
FNF:2
FNH:0
FNDA:0,(anonymous_0)
FNDA:0,(anonymous_1)
DA:1,1
DA:2,1
DA:5,1
DA:11,1
DA:12,0
DA:13,0
DA:15,0
DA:16,0
DA:18,0
DA:19,0
DA:22,0
DA:23,0
DA:24,0
DA:25,0
DA:26,0
DA:29,0
DA:31,0
DA:35,0
DA:36,0
DA:37,0
DA:38,0
DA:46,0
DA:48,0
DA:52,0
DA:53,0
DA:54,0
DA:58,0
DA:66,0
DA:68,0
DA:71,0
DA:76,0
DA:79,0
DA:80,0
DA:87,1
DA:88,0
DA:89,0
DA:91,0
DA:92,0
DA:94,0
DA:95,0
DA:98,0
DA:99,0
DA:100,0
DA:101,0
DA:102,0
DA:103,0
DA:105,0
DA:109,0
DA:110,0
DA:111,0
DA:112,0
DA:117,0
DA:119,0
DA:123,0
DA:124,0
DA:125,0
DA:129,0
DA:134,0
DA:136,0
DA:139,0
DA:144,0
DA:147,0
DA:148,0
LF:63
LH:5
BRDA:13,0,0,0
BRDA:13,1,0,0
BRDA:15,2,0,0
BRDA:15,2,1,0
BRDA:16,3,0,0
BRDA:16,3,1,0
BRDA:22,4,0,0
BRDA:22,4,1,0
BRDA:35,5,0,0
BRDA:35,5,1,0
BRDA:52,6,0,0
BRDA:52,6,1,0
BRDA:81,7,0,0
BRDA:81,7,1,0
BRDA:89,8,0,0
BRDA:91,9,0,0
BRDA:91,9,1,0
BRDA:92,10,0,0
BRDA:92,10,1,0
BRDA:98,11,0,0
BRDA:98,11,1,0
BRDA:109,12,0,0
BRDA:109,12,1,0
BRDA:123,13,0,0
BRDA:123,13,1,0
BRDA:149,14,0,0
BRDA:149,14,1,0
BRF:27
BRH:0
end_of_record
TN:
SF:src\controllers\authController.js
FN:5,createToken
FN:13,(anonymous_1)
FN:54,(anonymous_2)
FN:89,(anonymous_3)
FNF:4
FNH:0
FNDA:0,createToken
FNDA:0,(anonymous_1)
FNDA:0,(anonymous_2)
FNDA:0,(anonymous_3)
DA:1,0
DA:2,0
DA:3,0
DA:6,0
DA:13,0
DA:14,0
DA:15,0
DA:17,0
DA:18,0
DA:21,0
DA:22,0
DA:25,0
DA:26,0
DA:27,0
DA:28,0
DA:31,0
DA:32,0
DA:38,0
DA:40,0
DA:49,0
DA:50,0
DA:54,0
DA:55,0
DA:56,0
DA:58,0
DA:59,0
DA:62,0
DA:63,0
DA:64,0
DA:65,0
DA:68,0
DA:69,0
DA:70,0
DA:73,0
DA:75,0
DA:84,0
DA:85,0
DA:89,0
DA:90,0
DA:91,0
DA:92,0
DA:93,0
DA:96,0
DA:104,0
DA:105,0
LF:45
LH:0
BRDA:8,0,0,0
BRDA:8,0,1,0
BRDA:17,1,0,0
BRDA:17,1,1,0
BRDA:17,2,0,0
BRDA:17,2,1,0
BRDA:17,2,2,0
BRDA:21,3,0,0
BRDA:21,3,1,0
BRDA:27,4,0,0
BRDA:27,4,1,0
BRDA:58,5,0,0
BRDA:58,5,1,0
BRDA:58,6,0,0
BRDA:58,6,1,0
BRDA:64,7,0,0
BRDA:64,7,1,0
BRDA:69,8,0,0
BRDA:69,8,1,0
BRDA:92,9,0,0
BRDA:92,9,1,0
BRF:21
BRH:0
end_of_record
TN:
SF:src\controllers\mcqController.js
FN:23,getAvailableGeminiModels
FN:39,(anonymous_1)
FN:50,(anonymous_2)
FN:57,(anonymous_3)
FN:71,(anonymous_4)
FN:259,(anonymous_5)
FNF:6
FNH:2
FNDA:5,getAvailableGeminiModels
FNDA:0,(anonymous_1)
FNDA:0,(anonymous_2)
FNDA:0,(anonymous_3)
FNDA:7,(anonymous_4)
FNDA:0,(anonymous_5)
DA:1,1
DA:2,1
DA:3,1
DA:9,1
DA:24,5
DA:25,5
DA:26,5
DA:30,5
DA:31,5
DA:32,5
DA:33,5
DA:36,0
DA:37,0
DA:40,0
DA:50,0
DA:52,0
DA:55,0
DA:56,0
DA:57,0
DA:58,0
DA:60,0
DA:61,0
DA:64,0
DA:66,0
DA:67,0
DA:71,1
DA:72,7
DA:80,7
DA:82,7
DA:83,7
DA:84,7
DA:87,7
DA:88,7
DA:90,7
DA:92,7
DA:93,7
DA:94,4
DA:95,4
DA:96,0
DA:100,4
DA:103,7
DA:106,7
DA:107,6
DA:110,5
DA:139,5
DA:140,5
DA:143,5
DA:144,5
DA:145,5
DA:146,5
DA:148,5
DA:149,5
DA:150,5
DA:151,5
DA:152,5
DA:155,0
DA:156,0
DA:157,0
DA:159,5
DA:160,5
DA:161,5
DA:164,5
DA:169,5
DA:179,0
DA:180,0
DA:183,0
DA:184,0
DA:192,0
DA:193,0
DA:194,0
DA:195,0
DA:203,0
DA:205,0
DA:206,0
DA:207,0
DA:214,0
DA:215,0
DA:216,0
DA:220,0
DA:228,0
DA:230,0
DA:231,0
DA:232,0
DA:237,0
DA:243,0
DA:244,0
DA:245,0
DA:248,0
DA:249,0
DA:259,1
DA:260,0
DA:271,0
DA:273,0
DA:274,0
DA:275,0
DA:278,0
DA:279,0
DA:283,0
DA:284,0
DA:289,0
DA:290,0
DA:291,0
DA:292,0
DA:294,0
DA:295,0
DA:297,0
DA:298,0
DA:301,0
DA:349,0
DA:352,0
DA:353,0
DA:354,0
DA:355,0
DA:357,0
DA:358,0
DA:359,0
DA:360,0
DA:361,0
DA:364,0
DA:365,0
DA:366,0
DA:368,0
DA:369,0
DA:370,0
DA:372,0
DA:377,0
DA:385,0
DA:386,0
DA:389,0
DA:390,0
DA:398,0
DA:399,0
DA:400,0
DA:401,0
DA:409,0
DA:411,0
DA:412,0
DA:413,0
DA:421,0
DA:422,0
DA:423,0
DA:427,0
DA:435,0
DA:437,0
DA:438,0
DA:439,0
DA:445,0
DA:451,0
DA:452,0
DA:453,0
DA:456,0
DA:457,0
LF:152
LH:46
BRDA:30,0,0,5
BRDA:30,0,1,0
BRDA:37,1,0,0
BRDA:37,1,1,0
BRDA:40,2,0,0
BRDA:40,2,1,0
BRDA:40,2,2,0
BRDA:40,2,3,0
BRDA:40,2,4,0
BRDA:40,2,5,0
BRDA:40,2,6,0
BRDA:40,2,7,0
BRDA:40,2,8,0
BRDA:57,3,0,0
BRDA:57,3,1,0
BRDA:58,4,0,0
BRDA:58,4,1,0
BRDA:58,5,0,0
BRDA:58,5,1,0
BRDA:61,6,0,0
BRDA:61,6,1,0
BRDA:64,7,0,0
BRDA:64,7,1,0
BRDA:76,8,0,4
BRDA:77,9,0,7
BRDA:84,10,0,6
BRDA:84,10,1,1
BRDA:92,11,0,3
BRDA:92,11,1,4
BRDA:93,12,0,4
BRDA:93,12,1,3
BRDA:95,13,0,0
BRDA:95,13,1,4
BRDA:95,14,0,4
BRDA:95,14,1,4
BRDA:106,15,0,1
BRDA:106,15,1,6
BRDA:107,16,0,1
BRDA:107,16,1,5
BRDA:143,17,0,5
BRDA:143,17,1,0
BRDA:160,18,0,5
BRDA:160,18,1,0
BRDA:164,19,0,5
BRDA:164,19,1,0
BRDA:165,20,0,5
BRDA:165,20,1,0
BRDA:165,20,2,0
BRDA:179,21,0,0
BRDA:179,21,1,0
BRDA:180,22,0,0
BRDA:180,22,1,0
BRDA:181,23,0,0
BRDA:181,23,1,0
BRDA:192,24,0,0
BRDA:192,24,1,0
BRDA:205,25,0,0
BRDA:205,25,1,0
BRDA:214,26,0,0
BRDA:214,26,1,0
BRDA:230,27,0,0
BRDA:230,27,1,0
BRDA:248,28,0,0
BRDA:248,28,1,0
BRDA:250,29,0,0
BRDA:250,29,1,0
BRDA:251,30,0,0
BRDA:251,30,1,0
BRDA:265,31,0,0
BRDA:266,32,0,0
BRDA:267,33,0,0
BRDA:268,34,0,0
BRDA:273,35,0,0
BRDA:273,35,1,0
BRDA:275,36,0,0
BRDA:275,36,1,0
BRDA:278,37,0,0
BRDA:278,37,1,0
BRDA:283,38,0,0
BRDA:283,38,1,0
BRDA:291,39,0,0
BRDA:291,39,1,0
BRDA:294,40,0,0
BRDA:294,40,1,0
BRDA:297,41,0,0
BRDA:297,41,1,0
BRDA:352,42,0,0
BRDA:352,42,1,0
BRDA:369,43,0,0
BRDA:369,43,1,0
BRDA:372,44,0,0
BRDA:372,44,1,0
BRDA:373,45,0,0
BRDA:373,45,1,0
BRDA:373,45,2,0
BRDA:385,46,0,0
BRDA:385,46,1,0
BRDA:386,47,0,0
BRDA:386,47,1,0
BRDA:387,48,0,0
BRDA:387,48,1,0
BRDA:398,49,0,0
BRDA:398,49,1,0
BRDA:411,50,0,0
BRDA:411,50,1,0
BRDA:421,51,0,0
BRDA:421,51,1,0
BRDA:437,52,0,0
BRDA:437,52,1,0
BRDA:456,53,0,0
BRDA:456,53,1,0
BRDA:458,54,0,0
BRDA:458,54,1,0
BRDA:459,55,0,0
BRDA:459,55,1,0
BRF:115
BRH:20
end_of_record
TN:
SF:src\middleware\authMiddleware.js
FN:3,authMiddleware
FNF:1
FNH:0
FNDA:0,authMiddleware
DA:1,0
DA:4,0
DA:5,0
DA:7,0
DA:8,0
DA:11,0
DA:12,0
DA:13,0
DA:14,0
DA:16,0
DA:20,0
LF:11
LH:0
BRDA:4,0,0,0
BRDA:4,0,1,0
BRDA:5,1,0,0
BRDA:5,1,1,0
BRDA:7,2,0,0
BRDA:7,2,1,0
BRDA:12,3,0,0
BRDA:12,3,1,0
BRF:8
BRH:0
end_of_record
TN:
SF:src\models\User.js
FNF:0
FNH:0
DA:1,0
DA:3,0
DA:27,0
LF:3
LH:0
BRF:0
BRH:0
end_of_record
TN:
SF:src\routes\assistantRoutes.js
FNF:0
FNH:0
DA:1,1
DA:2,1
DA:3,1
DA:6,1
DA:7,1
DA:9,1
LF:6
LH:6
BRF:0
BRH:0
end_of_record
TN:
SF:src\routes\authRoutes.js
FNF:0
FNH:0
DA:1,0
DA:2,0
DA:3,0
DA:5,0
DA:7,0
DA:8,0
DA:9,0
DA:11,0
LF:8
LH:0
BRF:0
BRH:0
end_of_record
TN:
SF:src\routes\mcqRoutes.js
FNF:0
FNH:0
DA:1,1
DA:2,1
DA:3,1
DA:6,1
DA:9,1
DA:11,1
LF:6
LH:6
BRF:0
BRH:0
end_of_record
TN:
SF:src\utils\jsonCleaner.js
FN:8,(anonymous_0)
FNF:1
FNH:0
FNDA:0,(anonymous_0)
DA:8,1
DA:10,0
DA:19,0
DA:20,0
DA:24,0
DA:26,0
DA:27,0
DA:28,0
DA:29,0
DA:30,0
DA:33,0
DA:34,0
DA:36,0
DA:42,0
DA:43,0
DA:44,0
DA:45,0
DA:47,0
DA:48,0
DA:50,0
DA:51,0
DA:52,0
DA:53,0
DA:55,0
DA:56,0
DA:57,0
DA:58,0
DA:60,0
DA:61,0
DA:62,0
DA:63,0
DA:68,0
DA:69,0
DA:70,0
DA:71,0
DA:72,0
DA:73,0
DA:74,0
DA:75,0
DA:76,0
DA:77,0
DA:81,0
DA:83,0
DA:84,0
DA:85,0
DA:86,0
DA:87,0
DA:89,0
DA:96,0
DA:99,1
LF:50
LH:2
BRDA:24,0,0,0
BRDA:24,0,1,0
BRDA:24,1,0,0
BRDA:24,1,1,0
BRDA:27,2,0,0
BRDA:27,2,1,0
BRDA:29,3,0,0
BRDA:29,3,1,0
BRDA:33,4,0,0
BRDA:33,4,1,0
BRDA:50,5,0,0
BRDA:50,5,1,0
BRDA:55,6,0,0
BRDA:55,6,1,0
BRDA:55,7,0,0
BRDA:55,7,1,0
BRDA:60,8,0,0
BRDA:60,8,1,0
BRDA:68,9,0,0
BRDA:68,9,1,0
BRDA:69,10,0,0
BRDA:69,10,1,0
BRDA:72,11,0,0
BRDA:72,11,1,0
BRDA:75,12,0,0
BRDA:75,12,1,0
BRDA:83,13,0,0
BRDA:83,13,1,0
BRDA:84,14,0,0
BRDA:84,14,1,0
BRDA:85,15,0,0
BRDA:85,15,1,0
BRDA:87,16,0,0
BRDA:87,16,1,0
BRF:34
BRH:0
end_of_record
